<?xml version="1.0" encoding="UTF-8" ?>
<testsuite tests="0" failures="0" name="application.services.offer.FindAllOfferServiceTest" time="0" errors="0" skipped="0">
  <properties>
    <property name="idea.version" value="2022.2.3"/>
    <property name="java.runtime.name" value="OpenJDK Runtime Environment"/>
    <property name="java.vm.version" value="19.0.1+10-21"/>
    <property name="sun.boot.library.path" value="C:\Users\arnau\.jdks\openjdk-19.0.1\bin"/>
    <property name="maven.multiModuleProjectDirectory" value="C:\Users\arnau\OneDrive\Documents\ESGI\Archi\TradeMe-4AL2-Grp6-Archi"/>
    <property name="java.vm.vendor" value="Oracle Corporation"/>
    <property name="java.vendor.url" value="https://java.oracle.com/"/>
    <property name="guice.disable.misplaced.annotation.check" value="true"/>
    <property name="path.separator" value=";"/>
    <property name="java.vm.name" value="OpenJDK 64-Bit Server VM"/>
    <property name="sun.os.patch.level" value=""/>
    <property name="user.script" value=""/>
    <property name="user.country" value="FR"/>
    <property name="sun.java.launcher" value="SUN_STANDARD"/>
    <property name="java.vm.specification.name" value="Java Virtual Machine Specification"/>
    <property name="user.dir" value="C:\Users\arnau\OneDrive\Documents\ESGI\Archi\TradeMe-4AL2-Grp6-Archi"/>
    <property name="java.vm.compressedOopsMode" value="Zero based"/>
    <property name="java.runtime.version" value="19.0.1+10-21"/>
    <property name="os.arch" value="amd64"/>
    <property name="java.io.tmpdir" value="C:\Users\arnau\AppData\Local\Temp\"/>
    <property name="line.separator" value="
"/>
    <property name="java.vm.specification.vendor" value="Oracle Corporation"/>
    <property name="user.variant" value=""/>
    <property name="stderr.encoding" value="UTF-8"/>
    <property name="os.name" value="Windows 10"/>
    <property name="maven.ext.class.path" value="C:\Program Files\JetBrains\IntelliJ IDEA 2022.2.3\plugins\maven\lib\maven-event-listener.jar"/>
    <property name="classworlds.conf" value="C:\Program Files\JetBrains\IntelliJ IDEA 2022.2.3\plugins\maven\lib\maven3\bin\m2.conf"/>
    <property name="sun.jnu.encoding" value="Cp1252"/>
    <property name="stdout.encoding" value="UTF-8"/>
    <property name="java.library.path" value="C:\Users\arnau\.jdks\openjdk-19.0.1\bin;C:\Windows\Sun\Java\bin;C:\Windows\system32;C:\Windows;C:\Program Files\NVIDIA GPU Computing Toolkit\CUDA\v12.0\bin;C:\Program Files\NVIDIA GPU Computing Toolkit\CUDA\v12.0\libnvvp;C:\Program Files\Microsoft\jdk-11.0.12.7-hotspot\bin;C:\Program Files (x86)\VMware\VMware Workstation\bin\;C:\Windows\system32;C:\Windows;C:\Windows\System32\Wbem;C:\Windows\System32\WindowsPowerShell\v1.0\;C:\Windows\System32\OpenSSH\;C:\Program Files\Git\cmd;C:\Program Files\Graphviz\bin;C:\Program Files\Actiona;C:\Program Files\nodejs\;C:\ProgramData\chocolatey\bin;C:\ProgramData\chocolatey\lib\maven\apache-maven-3.8.6\bin;C:\Program Files\NVIDIA Corporation\Nsight Compute 2022.4.1\;C:\Program Files (x86)\NVIDIA Corporation\PhysX\Common;C:\Users\arnau\.cargo\bin;C:\Users\arnau\AppData\Local\Programs\Python\Python310\Scripts\;C:\Users\arnau\AppData\Local\Programs\Python\Python310\;C:\Users\arnau\AppData\Local\Microsoft\WindowsApps;C:\Users\arnau\AppData\Local\atom\bin;C:\MinGW\bin;C:\Users\arnau\AppData\Local\GitHubDesktop\bin;C:\Program Files\JetBrains\PyCharm 2021.3.1\bin;;C:\Program Files\JetBrains\PyCharm Community Edition 2021.3.1\bin;;C:\Users\arnau\AppData\Roaming\npm;C:\Program Files\heroku\bin;C:\Program Files\JetBrains\IntelliJ IDEA 2022.2.3\bin;;C:\Users\arnau\AppData\Local\Programs\Microsoft VS Code\bin;C:\Program Files\JetBrains\CLion 2022.3.1\bin;;."/>
    <property name="maven.conf" value="C:\Program Files\JetBrains\IntelliJ IDEA 2022.2.3\plugins\maven\lib\maven3/conf"/>
    <property name="jdk.debug" value="release"/>
    <property name="java.class.version" value="63.0"/>
    <property name="java.specification.name" value="Java Platform API Specification"/>
    <property name="sun.management.compiler" value="HotSpot 64-Bit Tiered Compilers"/>
    <property name="os.version" value="10.0"/>
    <property name="user.home" value="C:\Users\arnau"/>
    <property name="user.timezone" value="Europe/Paris"/>
    <property name="file.encoding" value="UTF-8"/>
    <property name="java.specification.version" value="19"/>
    <property name="user.name" value="arnau"/>
    <property name="java.class.path" value="C:\Program Files\JetBrains\IntelliJ IDEA 2022.2.3\plugins\maven\lib\maven3\boot\plexus-classworlds-2.6.0.jar;C:\Program Files\JetBrains\IntelliJ IDEA 2022.2.3\plugins\maven\lib\maven3\boot\plexus-classworlds.license"/>
    <property name="java.vm.specification.version" value="19"/>
    <property name="sun.arch.data.model" value="64"/>
    <property name="sun.java.command" value="org.codehaus.classworlds.Launcher -Didea.version=2022.2.3 clean package install"/>
    <property name="java.home" value="C:\Users\arnau\.jdks\openjdk-19.0.1"/>
    <property name="user.language" value="fr"/>
    <property name="java.specification.vendor" value="Oracle Corporation"/>
    <property name="java.vm.info" value="mixed mode, sharing"/>
    <property name="java.version" value="19.0.1"/>
    <property name="native.encoding" value="Cp1252"/>
    <property name="java.vendor" value="Oracle Corporation"/>
    <property name="sun.stderr.encoding" value="UTF-8"/>
    <property name="maven.home" value="C:\Program Files\JetBrains\IntelliJ IDEA 2022.2.3\plugins\maven\lib\maven3"/>
    <property name="file.separator" value="\"/>
    <property name="java.version.date" value="2022-10-18"/>
    <property name="java.vendor.url.bug" value="https://bugreport.java.com/bugreport/"/>
    <property name="sun.io.unicode.encoding" value="UnicodeLittle"/>
    <property name="sun.cpu.endian" value="little"/>
    <property name="sun.stdout.encoding" value="UTF-8"/>
    <property name="sun.cpu.isalist" value="amd64"/>
  </properties>
</testsuite>